<?xml version="1.0" encoding="UTF-8"?>
<testng-results ignored="0" total="1" passed="1" failed="0" skipped="0">
  <reporter-output>
  </reporter-output>
  <suite started-at="2021-04-22T19:43:51 IST" name="Default suite" finished-at="2021-04-22T19:43:57 IST" duration-ms="6092">
    <groups>
    </groups>
    <test started-at="2021-04-22T19:43:51 IST" name="Default test" finished-at="2021-04-22T19:43:57 IST" duration-ms="6092">
      <class name="SeleniumBasicFeatures.Element_Alert">
        <test-method signature="alerts()[pri:0, instance:SeleniumBasicFeatures.Element_Alert@762ef0ea]" started-at="2021-04-22T19:43:51 IST" name="alerts" finished-at="2021-04-22T19:43:57 IST" duration-ms="6067" status="PASS">
          <reporter-output>
          </reporter-output>
        </test-method> <!-- alerts -->
      </class> <!-- SeleniumBasicFeatures.Element_Alert -->
    </test> <!-- Default test -->
  </suite> <!-- Default suite -->
</testng-results>
