<?xml version="1.0" encoding="UTF-8"?>
<testng-results ignored="0" total="1" passed="1" failed="0" skipped="0">
  <reporter-output>
  </reporter-output>
  <suite started-at="2021-04-29T00:57:17 IST" name="Default suite" finished-at="2021-04-29T00:57:26 IST" duration-ms="8967">
    <groups>
    </groups>
    <test started-at="2021-04-29T00:57:17 IST" name="Default test" finished-at="2021-04-29T00:57:26 IST" duration-ms="8967">
      <class name="SeleniumBasicFeatures.Element_UploadFile">
        <test-method signature="upload()[pri:0, instance:SeleniumBasicFeatures.Element_UploadFile@762ef0ea]" started-at="2021-04-29T00:57:17 IST" name="upload" finished-at="2021-04-29T00:57:26 IST" duration-ms="8945" status="PASS">
          <reporter-output>
          </reporter-output>
        </test-method> <!-- upload -->
      </class> <!-- SeleniumBasicFeatures.Element_UploadFile -->
    </test> <!-- Default test -->
  </suite> <!-- Default suite -->
</testng-results>
